[INFO] Starting the server...
[INFO] Successfully connected to localhost:9091
[INFO] [localhost] Thread started
[INFO] Successfully connected to csel-kh1260-03.cselabs.umn.edu:9090
[WARNING] [localhost] Rejected task.
[INFO] [csel-kh1260-03.cselabs.umn.edu] Thread started
[INFO] Successfully connected to csel-kh1260-04.cselabs.umn.edu:9091
[WARNING] [localhost] Rejected task.
[DEBUG] [csel-kh1260-03.cselabs.umn.edu] Training: /home/mulup001/Documents/distributed-systems/pa1/PA1/ml/letters/validate_letters.txt
[INFO] [csel-kh1260-04.cselabs.umn.edu] Thread started
[INFO] Successfully connected to csel-kh1260-05.cselabs.umn.edu:9090
[DEBUG] [localhost] Training: /home/mulup001/Documents/distributed-systems/pa1/PA1/ml/letters/train_letters6.txt
[WARNING] [csel-kh1260-04.cselabs.umn.edu] Rejected task.
[INFO] [csel-kh1260-05.cselabs.umn.edu] Thread started
[INFO] Successfully connected to csel-kh1260-06.cselabs.umn.edu:9091
[INFO] [csel-kh1260-06.cselabs.umn.edu] Thread started
[WARNING] [csel-kh1260-04.cselabs.umn.edu] Rejected task.
[WARNING] [csel-kh1260-05.cselabs.umn.edu] Rejected task.
[DEBUG] [csel-kh1260-04.cselabs.umn.edu] Training: /home/mulup001/Documents/distributed-systems/pa1/PA1/ml/letters/train_letters4.txt
[DEBUG] [csel-kh1260-05.cselabs.umn.edu] Training: /home/mulup001/Documents/distributed-systems/pa1/PA1/ml/letters/train_letters3.txt
[WARNING] [csel-kh1260-06.cselabs.umn.edu] Rejected task.
[DEBUG] [csel-kh1260-06.cselabs.umn.edu] Training: /home/mulup001/Documents/distributed-systems/pa1/PA1/ml/letters/train_letters11.txt
[DEBUG] [csel-kh1260-05.cselabs.umn.edu] Queue empty
[INFO] [csel-kh1260-05.cselabs.umn.edu] Exiting...
[DEBUG] [csel-kh1260-06.cselabs.umn.edu] Queue empty
[INFO] [csel-kh1260-06.cselabs.umn.edu] Exiting...
[DEBUG] [localhost] Queue empty
[INFO] [localhost] Exiting...
[DEBUG] [csel-kh1260-03.cselabs.umn.edu] Queue empty
[INFO] [csel-kh1260-03.cselabs.umn.edu] Exiting...
[DEBUG] [csel-kh1260-04.cselabs.umn.edu] Queue empty
[INFO] [csel-kh1260-04.cselabs.umn.edu] Exiting...
[INFO] Validation error: 0.7408571428571429

